{"totalUsedTime":0,"fileName":"/Users/simtomar/Desktop/Lloyds_Project/Automation/webdriverIO_Demo/gulpfile.js","dateTime":"2019-08-29T20:44:56.118Z"}
{"totalUsedTime":7,"fileName":"/Users/simtomar/Desktop/Lloyds_Project/Automation/webdriverIO_Demo/gulpfile.js","dateTime":"2019-08-29T20:45:03.328Z"}
{"totalUsedTime":22,"fileName":"/Users/simtomar/Desktop/Lloyds_Project/Automation/webdriverIO_Demo/mock-server/startMockServer.js","dateTime":"2019-08-29T20:45:17.787Z"}
{"totalUsedTime":24,"fileName":"/Users/simtomar/Desktop/Lloyds_Project/Automation/webdriverIO_Demo/mock-server/startMockServer.js","dateTime":"2019-08-29T20:45:20.022Z"}
{"totalUsedTime":26,"fileName":"/Users/simtomar/Desktop/Lloyds_Project/Automation/webdriverIO_Demo/mock-server/stopMockServer.js","dateTime":"2019-08-29T20:45:22.363Z"}
{"totalUsedTime":29,"fileName":"/Users/simtomar/Desktop/Lloyds_Project/Automation/webdriverIO_Demo/mock-server/stopMockServer.js","dateTime":"2019-08-29T20:45:24.990Z"}
{"totalUsedTime":37,"fileName":"/Users/simtomar/Desktop/Lloyds_Project/Automation/webdriverIO_Demo/find-customer-details-api/client/README.md","dateTime":"2019-08-29T20:45:33.561Z"}
{"totalUsedTime":40,"fileName":"/Users/simtomar/Desktop/Lloyds_Project/Automation/webdriverIO_Demo/find-customer-details-api/client/README.md","dateTime":"2019-08-29T20:45:36.430Z"}
{"totalUsedTime":0,"fileName":"/Users/simtomar/Desktop/Lloyds_Project/Automation/webdriverIO_Demo/find-customer-details-api/client/README.md","dateTime":"2019-08-29T20:49:58.483Z"}
{"totalUsedTime":0,"fileName":"/Users/simtomar/Desktop/Lloyds_Project/Automation/webdriverIO_Demo/find-customer-details-api/client/README.md","dateTime":"2019-08-29T20:51:01.326Z"}
{"totalUsedTime":0,"fileName":"/Users/simtomar/Desktop/Lloyds_Project/Automation/webdriverIO_Demo/find-customer-details-api/client/README.md","dateTime":"2019-08-29T20:52:48.174Z"}
{"totalUsedTime":1,"fileName":"/Users/simtomar/Desktop/Lloyds_Project/Automation/webdriverIO_Demo/find-customer-details-api/client/README.md","dateTime":"2019-08-29T20:53:09.128Z"}
{"totalUsedTime":0,"fileName":"/Users/simtomar/Desktop/Lloyds_Project/Automation/webdriverIO_Demo/find-customer-details-api/client/README.md","dateTime":"2019-08-29T20:53:34.078Z"}
{"totalUsedTime":2,"fileName":"/Users/simtomar/Desktop/Lloyds_Project/Automation/webdriverIO_Demo/find-customer-details-api/client/README.md","dateTime":"2019-08-29T20:53:36.366Z"}
{"totalUsedTime":5,"fileName":"/Users/simtomar/Desktop/Lloyds_Project/Automation/webdriverIO_Demo/find-customer-details-api/client/README.md","dateTime":"2019-08-29T20:53:39.384Z"}
{"totalUsedTime":5,"fileName":"/Users/simtomar/Desktop/Lloyds_Project/Automation/webdriverIO_Demo/find-customer-details-api/common/models/customer-details-finder.js","dateTime":"2019-08-29T20:53:39.387Z"}
{"totalUsedTime":7,"fileName":"/Users/simtomar/Desktop/Lloyds_Project/Automation/webdriverIO_Demo/find-customer-details-api/common/models/customer-details-finder.js","dateTime":"2019-08-29T20:53:40.649Z"}
{"totalUsedTime":8,"fileName":"/Users/simtomar/Desktop/Lloyds_Project/Automation/webdriverIO_Demo/find-customer-details-api/common/models/customer-details-finder.js","dateTime":"2019-08-29T20:53:41.799Z"}
{"totalUsedTime":0,"fileName":"/Users/simtomar/Desktop/Lloyds_Project/Automation/webdriverIO_Demo/find-customer-details-api/common/models/customer-details-finder.js","dateTime":"2019-08-29T20:54:17.034Z"}
{"totalUsedTime":9,"fileName":"/Users/simtomar/Desktop/Lloyds_Project/Automation/webdriverIO_Demo/find-customer-details-api/common/models/customer-details-finder.js","dateTime":"2019-08-29T20:54:25.974Z"}
{"totalUsedTime":9,"fileName":"/Users/simtomar/Desktop/Lloyds_Project/Automation/webdriverIO_Demo/find-customer-details-api/common/models/customer-details-finder.json","dateTime":"2019-08-29T20:54:25.977Z"}
{"totalUsedTime":9,"fileName":"/Users/simtomar/Desktop/Lloyds_Project/Automation/webdriverIO_Demo/find-customer-details-api/common/models/customer-details-finder.json","dateTime":"2019-08-29T20:54:26.368Z"}
{"totalUsedTime":10,"fileName":"/Users/simtomar/Desktop/Lloyds_Project/Automation/webdriverIO_Demo/find-customer-details-api/common/models/customer-details-finder.json","dateTime":"2019-08-29T20:54:26.569Z"}
{"totalUsedTime":10,"fileName":"/Users/simtomar/Desktop/Lloyds_Project/Automation/webdriverIO_Demo/find-customer-details-api/common/models/customer-details-finder.json","dateTime":"2019-08-29T20:54:26.722Z"}
{"totalUsedTime":10,"fileName":"/Users/simtomar/Desktop/Lloyds_Project/Automation/webdriverIO_Demo/find-customer-details-api/common/models/customer-details-finder.json","dateTime":"2019-08-29T20:54:26.870Z"}
{"totalUsedTime":10,"fileName":"/Users/simtomar/Desktop/Lloyds_Project/Automation/webdriverIO_Demo/find-customer-details-api/common/models/customer-details-finder.json","dateTime":"2019-08-29T20:54:27.338Z"}
{"totalUsedTime":10,"fileName":"/Users/simtomar/Desktop/Lloyds_Project/Automation/webdriverIO_Demo/find-customer-details-api/common/models/customer-details-finder.json","dateTime":"2019-08-29T20:54:27.485Z"}
{"totalUsedTime":11,"fileName":"/Users/simtomar/Desktop/Lloyds_Project/Automation/webdriverIO_Demo/find-customer-details-api/common/models/customer-details-finder.json","dateTime":"2019-08-29T20:54:27.971Z"}
{"totalUsedTime":12,"fileName":"/Users/simtomar/Desktop/Lloyds_Project/Automation/webdriverIO_Demo/find-customer-details-api/common/models/customer-details-finder.json","dateTime":"2019-08-29T20:54:28.607Z"}
{"totalUsedTime":15,"fileName":"/Users/simtomar/Desktop/Lloyds_Project/Automation/webdriverIO_Demo/find-customer-details-api/common/models/customer-details-finder.json","dateTime":"2019-08-29T20:54:51.848Z"}
{"totalUsedTime":0,"fileName":"/Users/simtomar/Desktop/Lloyds_Project/Automation/webdriverIO_Demo/find-customer-details-api/common/models/customer-details-finder.json","dateTime":"2019-08-29T20:56:52.893Z"}
{"totalUsedTime":3,"fileName":"/Users/simtomar/Desktop/Lloyds_Project/Automation/webdriverIO_Demo/find-customer-details-api/common/models/customer-details-finder.json","dateTime":"2019-08-29T20:56:55.532Z"}
{"totalUsedTime":4,"fileName":"/Users/simtomar/Desktop/Lloyds_Project/Automation/webdriverIO_Demo/find-customer-details-api/common/models/customer-details-finder.json","dateTime":"2019-08-29T20:56:56.708Z"}
{"totalUsedTime":6,"fileName":"/Users/simtomar/Desktop/Lloyds_Project/Automation/webdriverIO_Demo/find-customer-details-api/common/models/customer-details-finder.json","dateTime":"2019-08-29T20:56:59.367Z"}
{"totalUsedTime":8,"fileName":"/Users/simtomar/Desktop/Lloyds_Project/Automation/webdriverIO_Demo/find-customer-details-api/common/models/customer-details-finder.json","dateTime":"2019-08-29T20:57:00.614Z"}
{"totalUsedTime":0,"fileName":"/Users/simtomar/Desktop/Lloyds_Project/Automation/webdriverIO_Demo/find-customer-details-api/common/models/customer-details-finder.json","dateTime":"2019-08-29T21:08:21.119Z"}
{"totalUsedTime":4,"fileName":"/Users/simtomar/Desktop/Lloyds_Project/Automation/webdriverIO_Demo/find-customer-details-api/common/models/customer-details-finder.json","dateTime":"2019-08-29T21:08:25.283Z"}
{"totalUsedTime":6,"fileName":"/Users/simtomar/Desktop/Lloyds_Project/Automation/webdriverIO_Demo/find-customer-details-api/common/models/customer-details-finder.json","dateTime":"2019-08-29T21:08:27.498Z"}
{"totalUsedTime":6,"fileName":"/Users/simtomar/Desktop/Lloyds_Project/Automation/webdriverIO_Demo/find-customer-details-api/common/models/customer-details-finder.js","dateTime":"2019-08-29T21:08:27.502Z"}
{"totalUsedTime":6,"fileName":"/Users/simtomar/Desktop/Lloyds_Project/Automation/webdriverIO_Demo/find-customer-details-api/common/models/customer-details-finder.js","dateTime":"2019-08-29T21:08:27.503Z"}
{"totalUsedTime":7,"fileName":"/Users/simtomar/Desktop/Lloyds_Project/Automation/webdriverIO_Demo/find-customer-details-api/common/models/customer-details-finder.js","dateTime":"2019-08-29T21:08:28.522Z"}
{"totalUsedTime":8,"fileName":"/Users/simtomar/Desktop/Lloyds_Project/Automation/webdriverIO_Demo/find-customer-details-api/common/models/customer-details-finder.js","dateTime":"2019-08-29T21:08:29.203Z"}
{"totalUsedTime":11,"fileName":"/Users/simtomar/Desktop/Lloyds_Project/Automation/webdriverIO_Demo/find-customer-details-api/common/models/customer-details-finder.js","dateTime":"2019-08-29T21:08:31.761Z"}
{"totalUsedTime":11,"fileName":"/Users/simtomar/Desktop/Lloyds_Project/Automation/webdriverIO_Demo/find-customer-details-api/client/README.md","dateTime":"2019-08-29T21:08:31.763Z"}
{"totalUsedTime":11,"fileName":"/Users/simtomar/Desktop/Lloyds_Project/Automation/webdriverIO_Demo/find-customer-details-api/client/README.md","dateTime":"2019-08-29T21:08:31.765Z"}
{"totalUsedTime":14,"fileName":"/Users/simtomar/Desktop/Lloyds_Project/Automation/webdriverIO_Demo/find-customer-details-api/client/README.md","dateTime":"2019-08-29T21:08:34.875Z"}
{"totalUsedTime":15,"fileName":"/Users/simtomar/Desktop/Lloyds_Project/Automation/webdriverIO_Demo/find-customer-details-api/client/README.md","dateTime":"2019-08-29T21:08:36.567Z"}
{"totalUsedTime":15,"fileName":"/Users/simtomar/Desktop/Lloyds_Project/Automation/webdriverIO_Demo/gulpfile.js","dateTime":"2019-08-29T21:08:36.595Z"}
{"totalUsedTime":15,"fileName":"/Users/simtomar/Desktop/Lloyds_Project/Automation/webdriverIO_Demo/gulpfile.js","dateTime":"2019-08-29T21:08:36.596Z"}
{"totalUsedTime":27,"fileName":"/Users/simtomar/Desktop/Lloyds_Project/Automation/webdriverIO_Demo/gulpfile.js","dateTime":"2019-08-29T21:08:48.283Z"}
{"totalUsedTime":27,"fileName":"/Users/simtomar/Desktop/Lloyds_Project/Automation/webdriverIO_Demo/gulpfile.js","dateTime":"2019-08-29T21:08:48.290Z"}
{"totalUsedTime":36,"fileName":"/Users/simtomar/Desktop/Lloyds_Project/Automation/webdriverIO_Demo/tests/features/featureFiles/web/test.txt","dateTime":"2019-08-29T21:08:57.276Z"}
{"totalUsedTime":36,"fileName":"/Users/simtomar/Desktop/Lloyds_Project/Automation/webdriverIO_Demo/tests/features/featureFiles/web/test.txt","dateTime":"2019-08-29T21:08:57.278Z"}
{"totalUsedTime":41,"fileName":"/Users/simtomar/Desktop/Lloyds_Project/Automation/webdriverIO_Demo/tests/features/featureFiles/web/webdriverIO/sampleWebdriverioSearch.feature","dateTime":"2019-08-29T21:09:01.711Z"}
{"totalUsedTime":41,"fileName":"/Users/simtomar/Desktop/Lloyds_Project/Automation/webdriverIO_Demo/tests/features/featureFiles/web/webdriverIO/sampleWebdriverioSearch.feature","dateTime":"2019-08-29T21:09:01.712Z"}
{"totalUsedTime":42,"fileName":"/Users/simtomar/Desktop/Lloyds_Project/Automation/webdriverIO_Demo/tests/features/featureFiles/web/webdriverIO/sampleWebdriverioSearch.feature","dateTime":"2019-08-29T21:09:03.236Z"}
{"totalUsedTime":44,"fileName":"/Users/simtomar/Desktop/Lloyds_Project/Automation/webdriverIO_Demo/tests/features/featureFiles/web/webdriverIO/sampleWebdriverioSearch.feature","dateTime":"2019-08-29T21:09:04.667Z"}
